#options: 480x480 fps=16667/1000 timebase=1000/16667 bitdepth=8 cabac=1 ref=1 deblock=1:0:0 analyse=0x1:0 me=dia subme=2 psy=1 psy_rd=1.00:0.00 mixed_ref=0 me_range=16 chroma_me=1 trellis=0 8x8dct=0 cqm=0 deadzone=21,11 fast_pskip=1 chroma_qp_offset=0 threads=12 lookahead_threads=3 sliced_threads=0 nr=0 decimate=1 interlaced=0 bluray_compat=0 constrained_intra=0 bframes=3 b_pyramid=2 b_adapt=1 b_bias=0 direct=1 weightb=1 open_gop=0 weightp=1 keyint=250 keyint_min=16 scenecut=40 intra_refresh=0 rc_lookahead=10 rc=abr mbtree=1 bitrate=1000 ratetol=1.0 qcomp=0.60 qpmin=0 qpmax=69 qpstep=4 ip_ratio=1.41 aq=1:1.00
in:0 out:0 type:I dur:2 cpbdur:2 q:22.85 aq:11.75 tex:51048 mv:20906 misc:6038 imb:900 pmb:0 smb:0 d:- ref:;
in:3 out:1 type:P dur:2 cpbdur:2 q:23.14 aq:14.26 tex:8580 mv:2405 misc:767 imb:10 pmb:324 smb:566 d:- ref:0 ;
in:1 out:2 type:B dur:2 cpbdur:2 q:23.14 aq:16.94 tex:1421 mv:474 misc:633 imb:0 pmb:153 smb:747 d:- ref:0 ;
in:2 out:3 type:b dur:2 cpbdur:2 q:23.14 aq:15.61 tex:160 mv:228 misc:436 imb:0 pmb:88 smb:812 d:- ref:0 ;
in:5 out:4 type:P dur:2 cpbdur:2 q:22.54 aq:12.38 tex:18144 mv:2930 misc:926 imb:20 pmb:523 smb:357 d:- ref:0 ;
in:4 out:5 type:b dur:2 cpbdur:2 q:22.84 aq:17.46 tex:1557 mv:647 misc:804 imb:0 pmb:199 smb:701 d:- ref:0 ;
in:9 out:6 type:P dur:2 cpbdur:2 q:22.15 aq:12.23 tex:41392 mv:5627 misc:397 imb:62 pmb:792 smb:46 d:- ref:0 ;
in:7 out:7 type:B dur:2 cpbdur:2 q:22.34 aq:15.92 tex:10219 mv:3515 misc:962 imb:8 pmb:601 smb:291 d:- ref:0 ;
in:6 out:8 type:b dur:2 cpbdur:2 q:22.44 aq:16.52 tex:1240 mv:543 misc:713 imb:1 pmb:172 smb:727 d:- ref:0 ;
in:8 out:9 type:b dur:2 cpbdur:2 q:22.25 aq:17.14 tex:5542 mv:2455 misc:963 imb:7 pmb:397 smb:496 d:- ref:0 ;
in:13 out:10 type:P dur:2 cpbdur:2 q:21.41 aq:11.92 tex:35483 mv:3747 misc:626 imb:25 pmb:763 smb:112 d:- ref:0 ;
in:11 out:11 type:B dur:2 cpbdur:2 q:21.78 aq:14.44 tex:10142 mv:3128 misc:962 imb:0 pmb:577 smb:323 d:- ref:0 ;
in:10 out:12 type:b dur:2 cpbdur:2 q:21.97 aq:15.58 tex:1221 mv:421 misc:830 imb:0 pmb:209 smb:691 d:- ref:0 ;
in:12 out:13 type:b dur:2 cpbdur:2 q:21.60 aq:16.77 tex:4172 mv:1843 misc:953 imb:0 pmb:356 smb:544 d:- ref:0 ;
in:15 out:14 type:P dur:2 cpbdur:2 q:16.20 aq:6.72 tex:98072 mv:3393 misc:455 imb:18 pmb:821 smb:61 d:- ref:0 ;
in:14 out:15 type:b dur:2 cpbdur:2 q:18.81 aq:14.15 tex:6410 mv:2741 misc:929 imb:0 pmb:440 smb:460 d:- ref:0 ;
in:16 out:16 type:P dur:2 cpbdur:2 q:13.35 aq:4.08 tex:88798 mv:822 misc:708 imb:2 pmb:722 smb:176 d:- ref:0 ;
in:17 out:17 type:P dur:2 cpbdur:2 q:11.91 aq:3.20 tex:95334 mv:2227 misc:767 imb:10 pmb:687 smb:203 d:- ref:0 ;
in:18 out:18 type:P dur:2 cpbdur:2 q:12.73 aq:4.11 tex:67527 mv:2343 misc:874 imb:10 pmb:603 smb:287 d:- ref:0 ;
in:22 out:19 type:P dur:2 cpbdur:2 q:12.28 aq:3.21 tex:183676 mv:4630 misc:454 imb:129 pmb:711 smb:60 d:- ref:0 ;
in:20 out:20 type:B dur:2 cpbdur:2 q:12.51 aq:5.91 tex:76984 mv:6696 misc:736 imb:30 pmb:708 smb:162 d:- ref:0 ;
in:19 out:21 type:b dur:2 cpbdur:2 q:12.62 aq:7.92 tex:43167 mv:4967 misc:890 imb:8 pmb:541 smb:351 d:- ref:0 ;
in:21 out:22 type:b dur:2 cpbdur:2 q:12.39 aq:7.55 tex:39144 mv:5046 misc:834 imb:7 pmb:604 smb:289 d:- ref:0 ;
in:26 out:23 type:P dur:2 cpbdur:2 q:11.32 aq:2.56 tex:179571 mv:4200 misc:485 imb:42 pmb:788 smb:70 d:- ref:0 ;
in:24 out:24 type:B dur:2 cpbdur:2 q:11.80 aq:4.69 tex:70320 mv:4869 misc:747 imb:6 pmb:719 smb:175 d:- ref:0 ;
in:23 out:25 type:b dur:2 cpbdur:2 q:12.04 aq:8.08 tex:7986 mv:794 misc:812 imb:0 pmb:270 smb:630 d:- ref:0 ;
in:25 out:26 type:b dur:2 cpbdur:2 q:11.56 aq:6.97 tex:36005 mv:3629 misc:846 imb:1 pmb:593 smb:306 d:- ref:0 ;
in:30 out:27 type:P dur:2 cpbdur:2 q:11.06 aq:2.71 tex:166839 mv:3839 misc:482 imb:39 pmb:792 smb:69 d:- ref:0 ;
in:28 out:28 type:B dur:2 cpbdur:2 q:11.19 aq:4.48 tex:81788 mv:5454 misc:726 imb:0 pmb:743 smb:157 d:- ref:0 ;
in:27 out:29 type:b dur:2 cpbdur:2 q:11.26 aq:6.63 tex:36699 mv:3372 misc:889 imb:1 pmb:598 smb:301 d:- ref:0 ;
in:29 out:30 type:b dur:2 cpbdur:2 q:11.13 aq:7.13 tex:30934 mv:3067 misc:911 imb:1 pmb:532 smb:367 d:- ref:0 ;
in:34 out:31 type:P dur:2 cpbdur:2 q:13.00 aq:4.55 tex:116503 mv:4067 misc:646 imb:107 pmb:668 smb:125 d:- ref:0 ;
in:32 out:32 type:B dur:2 cpbdur:2 q:12.03 aq:5.07 tex:86210 mv:5621 misc:817 imb:14 pmb:677 smb:209 d:- ref:0 ;
in:31 out:33 type:b dur:2 cpbdur:2 q:11.54 aq:6.81 tex:39181 mv:4047 misc:836 imb:2 pmb:622 smb:276 d:- ref:0 ;
in:33 out:34 type:b dur:2 cpbdur:2 q:12.51 aq:8.71 tex:9355 mv:773 misc:832 imb:0 pmb:298 smb:602 d:- ref:0 ;
in:37 out:35 type:P dur:2 cpbdur:2 q:13.59 aq:4.27 tex:150949 mv:4534 misc:557 imb:185 pmb:618 smb:97 d:- ref:0 ;
in:35 out:36 type:B dur:2 cpbdur:2 q:13.19 aq:7.76 tex:55704 mv:6146 misc:814 imb:47 pmb:469 smb:384 d:- ref:0 ;
in:36 out:37 type:b dur:2 cpbdur:2 q:13.39 aq:8.26 tex:41979 mv:6416 misc:765 imb:19 pmb:663 smb:218 d:- ref:0 ;
in:41 out:38 type:P dur:2 cpbdur:2 q:13.59 aq:5.32 tex:126116 mv:4397 misc:463 imb:155 pmb:673 smb:72 d:- ref:0 ;
in:39 out:39 type:B dur:2 cpbdur:2 q:13.59 aq:7.42 tex:45999 mv:4218 misc:823 imb:15 pmb:629 smb:256 d:- ref:0 ;
in:38 out:40 type:b dur:2 cpbdur:2 q:13.59 aq:8.34 tex:4271 mv:843 misc:910 imb:0 pmb:286 smb:614 d:- ref:0 ;
in:40 out:41 type:b dur:2 cpbdur:2 q:13.59 aq:8.59 tex:43930 mv:4921 misc:749 imb:27 pmb:662 smb:211 d:- ref:0 ;
in:45 out:42 type:P dur:2 cpbdur:2 q:13.76 aq:5.44 tex:138704 mv:4907 misc:581 imb:260 pmb:483 smb:157 d:- ref:0 ;
in:43 out:43 type:B dur:2 cpbdur:2 q:13.68 aq:6.78 tex:85825 mv:7283 misc:636 imb:64 pmb:596 smb:240 d:- ref:0 ;
in:42 out:44 type:b dur:2 cpbdur:2 q:13.64 aq:8.84 tex:42709 mv:5951 misc:716 imb:42 pmb:546 smb:312 d:- ref:0 ;
in:44 out:45 type:b dur:2 cpbdur:2 q:13.72 aq:8.97 tex:5855 mv:543 misc:946 imb:0 pmb:295 smb:605 d:- ref:0 ;
in:49 out:46 type:P dur:2 cpbdur:2 q:14.02 aq:4.94 tex:159569 mv:5318 misc:529 imb:201 pmb:586 smb:113 d:- ref:0 ;
in:47 out:47 type:B dur:2 cpbdur:2 q:13.89 aq:7.50 tex:73929 mv:7414 misc:673 imb:54 pmb:649 smb:197 d:- ref:0 ;
in:46 out:48 type:b dur:2 cpbdur:2 q:13.82 aq:8.93 tex:42778 mv:5943 misc:703 imb:25 pmb:575 smb:300 d:- ref:0 ;
in:48 out:49 type:b dur:2 cpbdur:2 q:13.95 aq:9.20 tex:34736 mv:5162 misc:742 imb:13 pmb:566 smb:321 d:- ref:0 ;
in:51 out:50 type:P dur:2 cpbdur:2 q:14.67 aq:5.89 tex:64584 mv:3314 misc:790 imb:19 pmb:592 smb:289 d:- ref:0 ;
in:50 out:51 type:b dur:2 cpbdur:2 q:14.34 aq:9.63 tex:3635 mv:634 misc:803 imb:0 pmb:226 smb:674 d:- ref:0 ;
in:52 out:52 type:P dur:2 cpbdur:2 q:14.42 aq:5.41 tex:65156 mv:2871 misc:789 imb:16 pmb:624 smb:260 d:- ref:0 ;
in:53 out:53 type:P dur:2 cpbdur:2 q:14.45 aq:5.29 tex:65947 mv:2968 misc:789 imb:16 pmb:600 smb:284 d:- ref:0 ;
in:54 out:54 type:P dur:2 cpbdur:2 q:14.71 aq:5.63 tex:55773 mv:2374 misc:853 imb:3 pmb:563 smb:334 d:- ref:0 ;
in:58 out:55 type:P dur:2 cpbdur:2 q:14.92 aq:5.76 tex:134549 mv:4804 misc:343 imb:72 pmb:792 smb:36 d:- ref:0 ;
in:56 out:56 type:B dur:2 cpbdur:2 q:14.82 aq:8.14 tex:44493 mv:4941 misc:622 imb:5 pmb:778 smb:117 d:- ref:0 ;
in:55 out:57 type:b dur:2 cpbdur:2 q:14.76 aq:9.88 tex:20584 mv:3706 misc:830 imb:3 pmb:642 smb:255 d:- ref:0 ;
in:57 out:58 type:b dur:2 cpbdur:2 q:14.87 aq:10.03 tex:16698 mv:3421 misc:849 imb:0 pmb:598 smb:302 d:- ref:0 ;
in:59 out:59 type:P dur:2 cpbdur:2 q:14.98 aq:5.39 tex:62406 mv:2105 misc:785 imb:7 pmb:694 smb:199 d:- ref:0 ;
in:63 out:60 type:P dur:2 cpbdur:2 q:14.95 aq:6.01 tex:125249 mv:4931 misc:436 imb:91 pmb:742 smb:67 d:- ref:0 ;
in:61 out:61 type:B dur:2 cpbdur:2 q:14.97 aq:9.27 tex:33198 mv:4706 misc:784 imb:7 pmb:686 smb:207 d:- ref:0 ;
in:60 out:62 type:b dur:2 cpbdur:2 q:14.97 aq:10.27 tex:3216 mv:791 misc:905 imb:0 pmb:278 smb:622 d:- ref:0 ;
in:62 out:63 type:b dur:2 cpbdur:2 q:14.96 aq:10.14 tex:27457 mv:4846 misc:817 imb:3 pmb:625 smb:272 d:- ref:0 ;
in:64 out:64 type:P dur:2 cpbdur:2 q:14.56 aq:5.41 tex:87705 mv:3183 misc:752 imb:21 pmb:690 smb:189 d:- ref:0 ;
in:68 out:65 type:P dur:2 cpbdur:2 q:14.60 aq:6.55 tex:103182 mv:4337 misc:665 imb:78 pmb:683 smb:139 d:- ref:0 ;
in:66 out:66 type:B dur:2 cpbdur:2 q:14.58 aq:7.77 tex:45451 mv:4926 misc:807 imb:5 pmb:628 smb:267 d:- ref:0 ;
in:65 out:67 type:b dur:2 cpbdur:2 q:14.57 aq:10.42 tex:4454 mv:695 misc:827 imb:0 pmb:241 smb:659 d:- ref:0 ;
in:67 out:68 type:b dur:2 cpbdur:2 q:14.59 aq:10.24 tex:22020 mv:4296 misc:804 imb:2 pmb:569 smb:329 d:- ref:0 ;
in:70 out:69 type:P dur:2 cpbdur:2 q:14.61 aq:8.04 tex:57493 mv:3247 misc:812 imb:28 pmb:574 smb:298 d:- ref:0 ;
in:69 out:70 type:b dur:2 cpbdur:2 q:14.60 aq:10.31 tex:17432 mv:3382 misc:882 imb:2 pmb:491 smb:407 d:- ref:0 ;
in:71 out:71 type:P dur:2 cpbdur:2 q:14.43 aq:9.49 tex:15946 mv:681 misc:997 imb:1 pmb:491 smb:408 d:- ref:0 ;
